<?xml version="1.0" encoding="UTF-8"?>
<!-- Generated by org.testng.reporters.JUnitReportReporter -->
<testsuite hostname="Kabir" name="udemy.project.ValidateNavigation" tests="1" failures="0" timestamp="14 Dec 2017 05:36:06 GMT" time="0.114" errors="0">
  <testcase name="validatenavigation" time="0.114" classname="udemy.project.ValidateNavigation"/>
</testsuite> <!-- udemy.project.ValidateNavigation -->
