<?xml version="1.0" encoding="UTF-8"?>
<!-- Generated by org.testng.reporters.JUnitReportReporter -->
<testsuite hostname="Kabir" name="udemy.project.HomePage" tests="2" failures="0" timestamp="14 Dec 2017 05:36:06 GMT" time="41.150" errors="0">
  <testcase name="basePageNavigation" time="29.354" classname="udemy.project.HomePage"/>
  <testcase name="basePageNavigation" time="11.796" classname="udemy.project.HomePage"/>
</testsuite> <!-- udemy.project.HomePage -->
